TN:
SF:src\screens\PokemonDetailScreen.tsx
FN:31,(anonymous_9)
FN:32,(anonymous_10)
FN:67,(anonymous_11)
FN:71,(anonymous_12)
FN:102,(anonymous_13)
FN:108,(anonymous_14)
FN:118,(anonymous_15)
FN:121,(anonymous_16)
FN:137,(anonymous_17)
FN:161,(anonymous_18)
FN:192,(anonymous_19)
FN:198,(anonymous_20)
FN:226,(anonymous_21)
FN:243,(anonymous_22)
FN:252,(anonymous_23)
FN:362,(anonymous_24)
FN:399,(anonymous_25)
FN:417,(anonymous_26)
FN:480,(anonymous_27)
FN:489,(anonymous_28)
FN:490,(anonymous_29)
FNF:21
FNH:0
FNDA:0,(anonymous_9)
FNDA:0,(anonymous_10)
FNDA:0,(anonymous_11)
FNDA:0,(anonymous_12)
FNDA:0,(anonymous_13)
FNDA:0,(anonymous_14)
FNDA:0,(anonymous_15)
FNDA:0,(anonymous_16)
FNDA:0,(anonymous_17)
FNDA:0,(anonymous_18)
FNDA:0,(anonymous_19)
FNDA:0,(anonymous_20)
FNDA:0,(anonymous_21)
FNDA:0,(anonymous_22)
FNDA:0,(anonymous_23)
FNDA:0,(anonymous_24)
FNDA:0,(anonymous_25)
FNDA:0,(anonymous_26)
FNDA:0,(anonymous_27)
FNDA:0,(anonymous_28)
FNDA:0,(anonymous_29)
DA:1,0
DA:2,0
DA:14,0
DA:15,0
DA:16,0
DA:17,0
DA:18,0
DA:20,0
DA:31,0
DA:32,0
DA:33,0
DA:53,0
DA:56,0
DA:58,0
DA:67,0
DA:68,0
DA:69,0
DA:71,0
DA:72,0
DA:88,0
DA:102,0
DA:108,0
DA:109,0
DA:118,0
DA:119,0
DA:121,0
DA:122,0
DA:136,0
DA:137,0
DA:140,0
DA:161,0
DA:165,0
DA:166,0
DA:174,0
DA:180,0
DA:182,0
DA:184,0
DA:185,0
DA:188,0
DA:189,0
DA:190,0
DA:192,0
DA:193,0
DA:194,0
DA:198,0
DA:199,0
DA:200,0
DA:205,0
DA:226,0
DA:227,0
DA:229,0
DA:230,0
DA:231,0
DA:233,0
DA:239,0
DA:243,0
DA:244,0
DA:245,0
DA:246,0
DA:248,0
DA:252,0
DA:253,0
DA:255,0
DA:276,0
DA:277,0
DA:279,0
DA:282,0
DA:283,0
DA:286,0
DA:287,0
DA:301,0
DA:302,0
DA:318,0
DA:319,0
DA:332,0
DA:333,0
DA:335,0
DA:362,0
DA:400,0
DA:418,0
DA:480,0
DA:490,0
DA:501,0
LF:83
LH:0
BRDA:53,0,0,0
BRDA:53,0,1,0
BRDA:193,1,0,0
BRDA:193,1,1,0
BRDA:193,2,0,0
BRDA:193,2,1,0
BRDA:199,3,0,0
BRDA:199,3,1,0
BRDA:227,4,0,0
BRDA:227,4,1,0
BRDA:230,5,0,0
BRDA:230,5,1,0
BRDA:245,6,0,0
BRDA:245,6,1,0
BRDA:253,7,0,0
BRDA:253,7,1,0
BRDA:276,8,0,0
BRDA:276,8,1,0
BRDA:277,9,0,0
BRDA:277,9,1,0
BRDA:277,10,0,0
BRDA:277,10,1,0
BRDA:282,11,0,0
BRDA:282,11,1,0
BRDA:286,12,0,0
BRDA:286,12,1,0
BRDA:286,13,0,0
BRDA:286,13,1,0
BRDA:301,14,0,0
BRDA:301,14,1,0
BRDA:301,15,0,0
BRDA:301,15,1,0
BRDA:318,16,0,0
BRDA:318,16,1,0
BRDA:332,17,0,0
BRDA:332,17,1,0
BRDA:353,18,0,0
BRDA:353,18,1,0
BRDA:361,19,0,0
BRDA:361,19,1,0
BRDA:368,20,0,0
BRDA:368,20,1,0
BRDA:373,21,0,0
BRDA:373,21,1,0
BRDA:441,22,0,0
BRDA:441,22,1,0
BRDA:442,23,0,0
BRDA:442,23,1,0
BRDA:447,24,0,0
BRDA:447,24,1,0
BRDA:448,25,0,0
BRDA:448,25,1,0
BRDA:481,26,0,0
BRDA:481,26,1,0
BRDA:488,27,0,0
BRDA:488,27,1,0
BRF:56
BRH:0
end_of_record
TN:
SF:src\screens\PokemonListScreen.tsx
FN:29,(anonymous_9)
FN:32,(anonymous_10)
FN:49,(anonymous_11)
FN:66,(anonymous_12)
FN:72,(anonymous_13)
FN:79,(anonymous_14)
FN:86,(anonymous_15)
FN:119,(anonymous_16)
FN:120,(anonymous_17)
FN:150,(anonymous_18)
FN:176,(anonymous_19)
FN:206,(anonymous_20)
FN:207,(anonymous_21)
FN:216,(anonymous_22)
FN:221,(anonymous_23)
FN:227,(anonymous_24)
FN:237,(anonymous_25)
FN:243,(anonymous_26)
FN:247,(anonymous_27)
FN:259,(anonymous_28)
FN:262,(anonymous_29)
FN:264,(anonymous_30)
FN:268,(anonymous_31)
FN:275,(anonymous_32)
FN:315,(anonymous_33)
FN:361,(anonymous_34)
FN:378,(anonymous_35)
FN:404,(anonymous_36)
FNF:28
FNH:0
FNDA:0,(anonymous_9)
FNDA:0,(anonymous_10)
FNDA:0,(anonymous_11)
FNDA:0,(anonymous_12)
FNDA:0,(anonymous_13)
FNDA:0,(anonymous_14)
FNDA:0,(anonymous_15)
FNDA:0,(anonymous_16)
FNDA:0,(anonymous_17)
FNDA:0,(anonymous_18)
FNDA:0,(anonymous_19)
FNDA:0,(anonymous_20)
FNDA:0,(anonymous_21)
FNDA:0,(anonymous_22)
FNDA:0,(anonymous_23)
FNDA:0,(anonymous_24)
FNDA:0,(anonymous_25)
FNDA:0,(anonymous_26)
FNDA:0,(anonymous_27)
FNDA:0,(anonymous_28)
FNDA:0,(anonymous_29)
FNDA:0,(anonymous_30)
FNDA:0,(anonymous_31)
FNDA:0,(anonymous_32)
FNDA:0,(anonymous_33)
FNDA:0,(anonymous_34)
FNDA:0,(anonymous_35)
FNDA:0,(anonymous_36)
DA:1,0
DA:2,0
DA:15,0
DA:16,0
DA:17,0
DA:18,0
DA:19,0
DA:22,0
DA:23,0
DA:29,0
DA:30,0
DA:32,0
DA:33,0
DA:47,0
DA:49,0
DA:52,0
DA:66,0
DA:67,0
DA:68,0
DA:69,0
DA:70,0
DA:72,0
DA:73,0
DA:79,0
DA:80,0
DA:86,0
DA:87,0
DA:95,0
DA:98,0
DA:119,0
DA:121,0
DA:122,0
DA:151,0
DA:152,0
DA:176,0
DA:186,0
DA:195,0
DA:202,0
DA:204,0
DA:206,0
DA:207,0
DA:208,0
DA:209,0
DA:210,0
DA:213,0
DA:214,0
DA:216,0
DA:217,0
DA:221,0
DA:222,0
DA:223,0
DA:227,0
DA:228,0
DA:229,0
DA:230,0
DA:231,0
DA:232,0
DA:234,0
DA:237,0
DA:238,0
DA:239,0
DA:243,0
DA:244,0
DA:247,0
DA:248,0
DA:249,0
DA:250,0
DA:252,0
DA:255,0
DA:259,0
DA:260,0
DA:262,0
DA:264,0
DA:268,0
DA:269,0
DA:275,0
DA:276,0
DA:277,0
DA:289,0
DA:290,0
DA:300,0
DA:301,0
DA:312,0
DA:315,0
DA:316,0
DA:352,0
DA:353,0
DA:362,0
DA:363,0
DA:373,0
DA:378,0
DA:404,0
DA:415,0
LF:93
LH:0
BRDA:110,0,0,0
BRDA:110,0,1,0
BRDA:110,0,2,0
BRDA:118,1,0,0
BRDA:118,1,1,0
BRDA:126,2,0,0
BRDA:126,2,1,0
BRDA:148,3,0,0
BRDA:148,3,1,0
BRDA:157,4,0,0
BRDA:157,4,1,0
BRDA:222,5,0,0
BRDA:222,5,1,0
BRDA:231,6,0,0
BRDA:231,6,1,0
BRDA:238,7,0,0
BRDA:238,7,1,0
BRDA:238,8,0,0
BRDA:238,8,1,0
BRDA:238,8,2,0
BRDA:249,9,0,0
BRDA:249,9,1,0
BRDA:276,10,0,0
BRDA:276,10,1,0
BRDA:276,11,0,0
BRDA:276,11,1,0
BRDA:276,11,2,0
BRDA:289,12,0,0
BRDA:289,12,1,0
BRDA:300,13,0,0
BRDA:300,13,1,0
BRDA:300,14,0,0
BRDA:300,14,1,0
BRDA:342,15,0,0
BRDA:342,15,1,0
BRDA:345,16,0,0
BRDA:345,16,1,0
BRDA:352,17,0,0
BRDA:352,17,1,0
BRDA:352,18,0,0
BRDA:352,18,1,0
BRDA:399,19,0,0
BRDA:399,19,1,0
BRDA:399,19,2,0
BRF:44
BRH:0
end_of_record
TN:
SF:src\services\pokemonApi.ts
FN:13,(anonymous_1)
FN:14,(anonymous_2)
FN:32,(anonymous_3)
FN:37,(anonymous_4)
FN:53,(anonymous_5)
FN:64,(anonymous_6)
FN:69,(anonymous_7)
FNF:7
FNH:0
FNDA:0,(anonymous_1)
FNDA:0,(anonymous_2)
FNDA:0,(anonymous_3)
FNDA:0,(anonymous_4)
FNDA:0,(anonymous_5)
FNDA:0,(anonymous_6)
FNDA:0,(anonymous_7)
DA:1,0
DA:4,0
DA:6,0
DA:12,0
DA:13,0
DA:15,0
DA:16,0
DA:17,0
DA:20,0
DA:21,0
DA:22,0
DA:23,0
DA:26,0
DA:30,0
DA:33,0
DA:34,0
DA:37,0
DA:38,0
DA:39,0
DA:42,0
DA:47,0
DA:48,0
DA:54,0
DA:55,0
DA:56,0
DA:58,0
DA:59,0
DA:65,0
DA:70,0
DA:71,0
DA:72,0
DA:74,0
LF:32
LH:0
BRDA:16,0,0,0
BRDA:16,0,1,0
BRDA:16,1,0,0
BRDA:16,1,1,0
BRDA:20,2,0,0
BRDA:20,2,1,0
BRDA:32,3,0,0
BRDA:32,4,0,0
BRF:8
BRH:0
end_of_record
TN:
SF:src\stores\favoritesStore.ts
FN:35,(anonymous_1)
FN:44,(anonymous_2)
FN:70,(anonymous_3)
FN:74,(anonymous_4)
FN:111,(anonymous_5)
FN:113,(anonymous_6)
FN:117,(anonymous_7)
FN:145,(anonymous_8)
FN:146,(anonymous_9)
FN:150,(anonymous_10)
FN:190,(anonymous_11)
FNF:11
FNH:0
FNDA:0,(anonymous_1)
FNDA:0,(anonymous_2)
FNDA:0,(anonymous_3)
FNDA:0,(anonymous_4)
FNDA:0,(anonymous_5)
FNDA:0,(anonymous_6)
FNDA:0,(anonymous_7)
FNDA:0,(anonymous_8)
FNDA:0,(anonymous_9)
FNDA:0,(anonymous_10)
FNDA:0,(anonymous_11)
DA:1,0
DA:2,0
DA:4,0
DA:31,0
DA:32,0
DA:33,0
DA:35,0
DA:45,0
DA:47,0
DA:48,0
DA:54,0
DA:55,0
DA:57,0
DA:64,0
DA:65,0
DA:71,0
DA:74,0
DA:76,0
DA:83,0
DA:85,0
DA:87,0
DA:90,0
DA:93,0
DA:99,0
DA:100,0
DA:102,0
DA:104,0
DA:106,0
DA:112,0
DA:113,0
DA:115,0
DA:117,0
DA:119,0
DA:121,0
DA:124,0
DA:127,0
DA:133,0
DA:134,0
DA:136,0
DA:138,0
DA:140,0
DA:146,0
DA:151,0
DA:153,0
DA:155,0
DA:157,0
DA:159,0
DA:161,0
DA:162,0
DA:163,0
DA:168,0
DA:171,0
DA:177,0
DA:182,0
DA:184,0
DA:185,0
DA:191,0
DA:192,0
DA:193,0
DA:199,0
LF:60
LH:0
BRDA:54,0,0,0
BRDA:54,0,1,0
BRDA:55,1,0,0
BRDA:55,1,1,0
BRDA:74,2,0,0
BRDA:74,2,1,0
BRDA:115,3,0,0
BRDA:115,3,1,0
BRDA:153,4,0,0
BRDA:153,4,1,0
BRDA:153,5,0,0
BRDA:153,5,1,0
BRDA:161,6,0,0
BRDA:161,6,1,0
BRF:14
BRH:0
end_of_record
TN:
SF:src\stores\networkStore.ts
FN:19,(anonymous_0)
FN:26,(anonymous_1)
FN:49,(anonymous_2)
FN:54,(anonymous_3)
FN:64,(anonymous_4)
FN:70,(anonymous_5)
FNF:6
FNH:0
FNDA:0,(anonymous_0)
FNDA:0,(anonymous_1)
FNDA:0,(anonymous_2)
FNDA:0,(anonymous_3)
FNDA:0,(anonymous_4)
FNDA:0,(anonymous_5)
DA:1,0
DA:2,0
DA:17,0
DA:19,0
DA:27,0
DA:28,0
DA:30,0
DA:32,0
DA:33,0
DA:34,0
DA:40,0
DA:50,0
DA:56,0
DA:57,0
DA:61,0
DA:64,0
DA:65,0
DA:71,0
DA:72,0
DA:73,0
LF:20
LH:0
BRDA:28,0,0,0
BRDA:28,0,1,0
BRDA:56,1,0,0
BRDA:56,1,1,0
BRDA:71,2,0,0
BRDA:71,2,1,0
BRF:6
BRH:0
end_of_record
TN:
SF:src\stores\pokemonStore.ts
FN:30,(anonymous_0)
FN:42,(anonymous_1)
FN:67,(anonymous_2)
FN:91,(anonymous_3)
FN:116,(anonymous_4)
FN:119,(anonymous_5)
FNF:6
FNH:0
FNDA:0,(anonymous_0)
FNDA:0,(anonymous_1)
FNDA:0,(anonymous_2)
FNDA:0,(anonymous_3)
FNDA:0,(anonymous_4)
FNDA:0,(anonymous_5)
DA:1,0
DA:3,0
DA:30,0
DA:43,0
DA:44,0
DA:46,0
DA:48,0
DA:49,0
DA:50,0
DA:52,0
DA:59,0
DA:68,0
DA:69,0
DA:71,0
DA:73,0
DA:74,0
DA:76,0
DA:83,0
DA:93,0
DA:95,0
DA:97,0
DA:98,0
DA:100,0
DA:108,0
DA:116,0
DA:119,0
LF:26
LH:0
BRDA:42,0,0,0
BRDA:44,1,0,0
BRDA:44,1,1,0
BRDA:44,2,0,0
BRDA:44,2,1,0
BRDA:49,3,0,0
BRDA:49,3,1,0
BRDA:53,4,0,0
BRDA:53,4,1,0
BRDA:60,5,0,0
BRDA:60,5,1,0
BRDA:69,6,0,0
BRDA:69,6,1,0
BRDA:69,7,0,0
BRDA:69,7,1,0
BRDA:69,7,2,0
BRDA:84,8,0,0
BRDA:84,8,1,0
BRDA:93,9,0,0
BRDA:93,9,1,0
BRDA:109,10,0,0
BRDA:109,10,1,0
BRF:22
BRH:0
end_of_record
